Generating axial TL component for l = 0, p = 0 
Generating axial TL component for l = 0, p = 1 
Generating axial TL component for l = 0, p = 2 
Generating axial TL component for l = 1, p = 0 
Generating axial TL component for l = 1, p = 1 
Generating axial TL component for l = 1, p = 2 
Generating axial TL component for l = 2, p = 0 
Generating axial TL component for l = 2, p = 1 
Generating axial TL component for l = 2, p = 2 
Generating radial TL component for l = 0, p = 0 
Generating radial TL component for l = 0, p = 1 
Generating radial TL component for l = 0, p = 2 
Generating radial TL component for l = 1, p = 0 
Generating radial TL component for l = 1, p = 1 
Generating radial TL component for l = 1, p = 2 
Generating radial TL component for l = 2, p = 0 
Generating radial TL component for l = 2, p = 1 
Generating radial TL component for l = 2, p = 2 
My component terms: ID = 1 (Scalar Flux) 
Term variable ID: 2 (Source (F)) 
(  + 1.00000 + 0.33333 Lr + 0.20000 Lr^2.0 + 0.14286 Lr^3.0 + 0.33333 Lz + 0.20000 Lz^2.0 + 0.38072 Lr Lz + 0.14286 Lz^3.0 + 0.36090 Lr^2.0 Lz + 0.46488 Lr Lz^2.0) 
 The solution is: 
My component terms: ID = 2 (Source (F)) 
Term variable ID: 1 (Scalar Flux) 
(  + 1.00000 -0.33333 Lr -0.33333 Lz -0.08889 Lr^2.0 -0.08889 Lz^2.0 -0.15850 Lr Lz -0.04656 Lr^3.0 -0.04656 Lz^3.0 -0.08487 Lr^2.0 Lz -0.18885 Lr Lz^2.0) 
 