Generating axial TL component for l = 0, p = 0 
Generating axial TL component for l = 0, p = 1 
Generating axial TL component for l = 0, p = 2 
Generating axial TL component for l = 0, p = 3 
Generating axial TL component for l = 0, p = 4 
Generating axial TL component for l = 0, p = 5 
Generating axial TL component for l = 1, p = 0 
Generating axial TL component for l = 1, p = 1 
Generating axial TL component for l = 1, p = 2 
Generating axial TL component for l = 1, p = 3 
Generating axial TL component for l = 1, p = 4 
Generating axial TL component for l = 1, p = 5 
Generating axial TL component for l = 2, p = 0 
Generating axial TL component for l = 2, p = 1 
Generating axial TL component for l = 2, p = 2 
Generating axial TL component for l = 2, p = 3 
Generating axial TL component for l = 2, p = 4 
Generating axial TL component for l = 2, p = 5 
Generating axial TL component for l = 3, p = 0 
Generating axial TL component for l = 3, p = 1 
Generating axial TL component for l = 3, p = 2 
Generating axial TL component for l = 3, p = 3 
Generating axial TL component for l = 3, p = 4 
Generating axial TL component for l = 3, p = 5 
Generating axial TL component for l = 4, p = 0 
Generating axial TL component for l = 4, p = 1 
Generating axial TL component for l = 4, p = 2 
Generating axial TL component for l = 4, p = 3 
Generating axial TL component for l = 4, p = 4 
Generating axial TL component for l = 4, p = 5 
Generating axial TL component for l = 5, p = 0 
Generating axial TL component for l = 5, p = 1 
Generating axial TL component for l = 5, p = 2 
Generating axial TL component for l = 5, p = 3 
Generating axial TL component for l = 5, p = 4 
Generating axial TL component for l = 5, p = 5 
Generating radial TL component for l = 0, p = 0 
Generating radial TL component for l = 0, p = 1 
Generating radial TL component for l = 0, p = 2 
Generating radial TL component for l = 0, p = 3 
Generating radial TL component for l = 0, p = 4 
Generating radial TL component for l = 0, p = 5 
Generating radial TL component for l = 1, p = 0 
Generating radial TL component for l = 1, p = 1 
Generating radial TL component for l = 1, p = 2 
Generating radial TL component for l = 1, p = 3 
Generating radial TL component for l = 1, p = 4 
Generating radial TL component for l = 1, p = 5 
Generating radial TL component for l = 2, p = 0 
Generating radial TL component for l = 2, p = 1 
Generating radial TL component for l = 2, p = 2 
Generating radial TL component for l = 2, p = 3 
Generating radial TL component for l = 2, p = 4 
Generating radial TL component for l = 2, p = 5 
Generating radial TL component for l = 3, p = 0 
Generating radial TL component for l = 3, p = 1 
Generating radial TL component for l = 3, p = 2 
Generating radial TL component for l = 3, p = 3 
Generating radial TL component for l = 3, p = 4 
Generating radial TL component for l = 3, p = 5 
Generating radial TL component for l = 4, p = 0 
Generating radial TL component for l = 4, p = 1 
Generating radial TL component for l = 4, p = 2 
Generating radial TL component for l = 4, p = 3 
Generating radial TL component for l = 4, p = 4 
Generating radial TL component for l = 4, p = 5 
Generating radial TL component for l = 5, p = 0 
Generating radial TL component for l = 5, p = 1 
Generating radial TL component for l = 5, p = 2 
Generating radial TL component for l = 5, p = 3 
Generating radial TL component for l = 5, p = 4 
Generating radial TL component for l = 5, p = 5 
My component terms: ID = 1 (Scalar Flux) 
Term variable ID: 2 (Source (F)) 
(  + 1.00000 + 0.33333 Lr + 0.20000 Lr^2.0 + 0.14286 Lr^3.0 + 0.33333 Lz + 0.20000 Lz^2.0 + 0.39958 Lr Lz + 0.14286 Lz^3.0 + 0.42898 Lr^2.0 Lz + 0.42646 Lr Lz^2.0) 
 The solution is: 
My component terms: ID = 2 (Source (F)) 
Term variable ID: 1 (Scalar Flux) 
(  + 1.00000 -0.33333 Lr -0.33333 Lz -0.08889 Lr^2.0 -0.08889 Lz^2.0 -0.17736 Lr Lz -0.04656 Lr^3.0 -0.04656 Lz^3.0 -0.14036 Lr^2.0 Lz -0.13784 Lr Lz^2.0) 
 